<?xml version="1.0" encoding="UTF-8"?>
<!-- Generated by org.testng.reporters.JUnitXMLReporter -->
<testsuite ignored="0" hostname="DESKTOP-SJ47BRU" failures="0" tests="3" name="Default test" time="5.083" errors="0" timestamp="2020-12-25T12:08:04 IST">
  <testcase classname="Test.getPostRequestTest" name="test1" time="3.423"/>
  <testcase classname="Test.getPostRequestTest" name="test2" time="0.302"/>
  <testcase classname="Test.getPostRequestTest" name="test3" time="1.27"/>
</testsuite> <!-- Default test -->
